05-Aug-2016 23:20:27.041 INFO [main] org.apache.catalina.startup.VersionLoggerListener.log Server version:        Apache Tomcat/8.5.4
05-Aug-2016 23:20:27.045 INFO [main] org.apache.catalina.startup.VersionLoggerListener.log Server built:          Jul 6 2016 08:43:30 UTC
05-Aug-2016 23:20:27.046 INFO [main] org.apache.catalina.startup.VersionLoggerListener.log Server number:         8.5.4.0
05-Aug-2016 23:20:27.046 INFO [main] org.apache.catalina.startup.VersionLoggerListener.log OS Name:               Mac OS X
05-Aug-2016 23:20:27.046 INFO [main] org.apache.catalina.startup.VersionLoggerListener.log OS Version:            10.10.1
05-Aug-2016 23:20:27.047 INFO [main] org.apache.catalina.startup.VersionLoggerListener.log Architecture:          x86_64
05-Aug-2016 23:20:27.047 INFO [main] org.apache.catalina.startup.VersionLoggerListener.log Java Home:             /Library/Java/JavaVirtualMachines/jdk1.8.0_66.jdk/Contents/Home/jre
05-Aug-2016 23:20:27.048 INFO [main] org.apache.catalina.startup.VersionLoggerListener.log JVM Version:           1.8.0_66-b17
05-Aug-2016 23:20:27.049 INFO [main] org.apache.catalina.startup.VersionLoggerListener.log JVM Vendor:            Oracle Corporation
05-Aug-2016 23:20:27.049 INFO [main] org.apache.catalina.startup.VersionLoggerListener.log CATALINA_BASE:         /Users/Alex/Library/Caches/IntelliJIdea2016.1/tomcat/Tomcat_8_5_4_EPAM_Project_4_WEB_APP
05-Aug-2016 23:20:27.049 INFO [main] org.apache.catalina.startup.VersionLoggerListener.log CATALINA_HOME:         /Users/Alex/dev/apache-tomcat-8.5.4
05-Aug-2016 23:20:27.051 INFO [main] org.apache.catalina.startup.VersionLoggerListener.log Command line argument: -Djava.util.logging.config.file=/Users/Alex/Library/Caches/IntelliJIdea2016.1/tomcat/Tomcat_8_5_4_EPAM_Project_4_WEB_APP/conf/logging.properties
05-Aug-2016 23:20:27.051 INFO [main] org.apache.catalina.startup.VersionLoggerListener.log Command line argument: -Djava.util.logging.manager=org.apache.juli.ClassLoaderLogManager
05-Aug-2016 23:20:27.051 INFO [main] org.apache.catalina.startup.VersionLoggerListener.log Command line argument: -Dcom.sun.management.jmxremote=
05-Aug-2016 23:20:27.052 INFO [main] org.apache.catalina.startup.VersionLoggerListener.log Command line argument: -Dcom.sun.management.jmxremote.port=1099
05-Aug-2016 23:20:27.052 INFO [main] org.apache.catalina.startup.VersionLoggerListener.log Command line argument: -Dcom.sun.management.jmxremote.ssl=false
05-Aug-2016 23:20:27.053 INFO [main] org.apache.catalina.startup.VersionLoggerListener.log Command line argument: -Dcom.sun.management.jmxremote.authenticate=false
05-Aug-2016 23:20:27.054 INFO [main] org.apache.catalina.startup.VersionLoggerListener.log Command line argument: -Djava.rmi.server.hostname=127.0.0.1
05-Aug-2016 23:20:27.054 INFO [main] org.apache.catalina.startup.VersionLoggerListener.log Command line argument: -Djdk.tls.ephemeralDHKeySize=2048
05-Aug-2016 23:20:27.054 INFO [main] org.apache.catalina.startup.VersionLoggerListener.log Command line argument: -Dcatalina.base=/Users/Alex/Library/Caches/IntelliJIdea2016.1/tomcat/Tomcat_8_5_4_EPAM_Project_4_WEB_APP
05-Aug-2016 23:20:27.054 INFO [main] org.apache.catalina.startup.VersionLoggerListener.log Command line argument: -Dcatalina.home=/Users/Alex/dev/apache-tomcat-8.5.4
05-Aug-2016 23:20:27.055 INFO [main] org.apache.catalina.startup.VersionLoggerListener.log Command line argument: -Djava.io.tmpdir=/Users/Alex/dev/apache-tomcat-8.5.4/temp
05-Aug-2016 23:20:27.056 INFO [main] org.apache.catalina.core.AprLifecycleListener.lifecycleEvent The APR based Apache Tomcat Native library which allows optimal performance in production environments was not found on the java.library.path: /Users/Alex/Library/Java/Extensions:/Library/Java/Extensions:/Network/Library/Java/Extensions:/System/Library/Java/Extensions:/usr/lib/java:.
05-Aug-2016 23:20:27.537 INFO [main] org.apache.coyote.AbstractProtocol.init Initializing ProtocolHandler ["http-nio-8080"]
05-Aug-2016 23:20:27.601 INFO [main] org.apache.tomcat.util.net.NioSelectorPool.getSharedSelector Using a shared selector for servlet write/read
05-Aug-2016 23:20:27.609 INFO [main] org.apache.coyote.AbstractProtocol.init Initializing ProtocolHandler ["ajp-nio-8009"]
05-Aug-2016 23:20:27.616 INFO [main] org.apache.tomcat.util.net.NioSelectorPool.getSharedSelector Using a shared selector for servlet write/read
05-Aug-2016 23:20:27.617 INFO [main] org.apache.catalina.startup.Catalina.load Initialization processed in 1771 ms
05-Aug-2016 23:20:27.688 INFO [main] org.apache.catalina.core.StandardService.startInternal Starting service Catalina
05-Aug-2016 23:20:27.689 INFO [main] org.apache.catalina.core.StandardEngine.startInternal Starting Servlet Engine: Apache Tomcat/8.5.4
05-Aug-2016 23:20:27.705 INFO [main] org.apache.coyote.AbstractProtocol.start Starting ProtocolHandler [http-nio-8080]
05-Aug-2016 23:20:27.720 INFO [main] org.apache.coyote.AbstractProtocol.start Starting ProtocolHandler [ajp-nio-8009]
05-Aug-2016 23:20:27.723 INFO [main] org.apache.catalina.startup.Catalina.start Server startup in 105 ms
Connected to server
05-Aug-2016 23:20:31.130 INFO [RMI TCP Connection(2)-127.0.0.1] org.apache.jasper.servlet.TldScanner.scanJars At least one JAR was scanned for TLDs yet contained no TLDs. Enable debug logging for this logger for a complete list of JARs that were scanned but no TLDs were found in them. Skipping unneeded JARs during scanning can improve startup time and JSP compilation time.
05-Aug-2016 23:20:37.709 INFO [localhost-startStop-1] org.apache.catalina.startup.HostConfig.deployDirectory Deploying web application directory /Users/Alex/dev/apache-tomcat-8.5.4/webapps/docs
05-Aug-2016 23:20:37.901 INFO [localhost-startStop-1] org.apache.catalina.startup.HostConfig.deployDirectory Deployment of web application directory /Users/Alex/dev/apache-tomcat-8.5.4/webapps/docs has finished in 189 ms
05-Aug-2016 23:20:37.902 INFO [localhost-startStop-1] org.apache.catalina.startup.HostConfig.deployDirectory Deploying web application directory /Users/Alex/dev/apache-tomcat-8.5.4/webapps/examples
05-Aug-2016 23:20:40.584 INFO [localhost-startStop-1] org.apache.catalina.startup.HostConfig.deployDirectory Deployment of web application directory /Users/Alex/dev/apache-tomcat-8.5.4/webapps/examples has finished in 2,682 ms
05-Aug-2016 23:20:40.590 INFO [localhost-startStop-1] org.apache.catalina.startup.HostConfig.deployDirectory Deploying web application directory /Users/Alex/dev/apache-tomcat-8.5.4/webapps/host-manager
05-Aug-2016 23:20:41.091 INFO [localhost-startStop-1] org.apache.catalina.startup.HostConfig.deployDirectory Deployment of web application directory /Users/Alex/dev/apache-tomcat-8.5.4/webapps/host-manager has finished in 501 ms
05-Aug-2016 23:20:41.103 INFO [localhost-startStop-1] org.apache.catalina.startup.HostConfig.deployDirectory Deploying web application directory /Users/Alex/dev/apache-tomcat-8.5.4/webapps/manager
05-Aug-2016 23:20:41.473 INFO [localhost-startStop-1] org.apache.catalina.startup.HostConfig.deployDirectory Deployment of web application directory /Users/Alex/dev/apache-tomcat-8.5.4/webapps/manager has finished in 364 ms
log4j:ERROR Could not find value for key log4j.appender.CATALINA
log4j:ERROR Could not instantiate appender named "CATALINA".
Hibernate: select client0_.client_id as client_i1_2_, client0_.adress as adress2_2_, client0_.email as email3_2_, client0_.first_name as first_na4_2_, client0_.mobile_number as mobile_n5_2_, client0_.password as password6_2_, client0_.second_name as second_n7_2_ from Client client0_ where client0_.password=? and client0_.email=?
Hibernate: select cards0_.client_id as client_i8_2_0_, cards0_.id as id1_3_0_, cards0_.id as id1_3_1_, cards0_.client_id as client_i8_3_1_, cards0_.cvv as cvv2_3_1_, cards0_.expires_end as expires_3_3_1_, cards0_.is_blocked as is_block4_3_1_, cards0_.card_number as card_num5_3_1_, cards0_.password as password6_3_1_, cards0_.payment_id as payment_9_3_1_, cards0_.provider as provider7_3_1_, payment1_.payment_id as payment_1_4_2_, payment1_.amount as amount2_4_2_, payment1_.is_blocked as is_block3_4_2_ from CreditCard cards0_ left outer join Payment payment1_ on cards0_.payment_id=payment1_.payment_id where cards0_.client_id=?
Hibernate: select client0_.client_id as client_i1_2_0_, client0_.adress as adress2_2_0_, client0_.email as email3_2_0_, client0_.first_name as first_na4_2_0_, client0_.mobile_number as mobile_n5_2_0_, client0_.password as password6_2_0_, client0_.second_name as second_n7_2_0_, cards1_.client_id as client_i8_2_1_, cards1_.id as id1_3_1_, cards1_.id as id1_3_2_, cards1_.client_id as client_i8_3_2_, cards1_.cvv as cvv2_3_2_, cards1_.expires_end as expires_3_3_2_, cards1_.is_blocked as is_block4_3_2_, cards1_.card_number as card_num5_3_2_, cards1_.password as password6_3_2_, cards1_.payment_id as payment_9_3_2_, cards1_.provider as provider7_3_2_, payment2_.payment_id as payment_1_4_3_, payment2_.amount as amount2_4_3_, payment2_.is_blocked as is_block3_4_3_ from Client client0_ left outer join CreditCard cards1_ on client0_.client_id=cards1_.client_id left outer join Payment payment2_ on cards1_.payment_id=payment2_.payment_id where client0_.client_id=?
05-Aug-2016 23:23:40.996 INFO [main] org.apache.catalina.core.StandardServer.await A valid shutdown command was received via the shutdown port. Stopping the Server instance.
05-Aug-2016 23:23:40.999 INFO [main] org.apache.coyote.AbstractProtocol.pause Pausing ProtocolHandler ["http-nio-8080"]
05-Aug-2016 23:23:41.080 INFO [main] org.apache.coyote.AbstractProtocol.pause Pausing ProtocolHandler ["ajp-nio-8009"]
05-Aug-2016 23:23:41.132 INFO [main] org.apache.catalina.core.StandardService.stopInternal Stopping service Catalina
05-Aug-2016 23:23:41.265 WARNING [localhost-startStop-2] org.apache.catalina.loader.WebappClassLoaderBase.clearReferencesJdbc The web application [ROOT] registered the JDBC driver [com.mysql.jdbc.Driver] but failed to unregister it when the web application was stopped. To prevent a memory leak, the JDBC Driver has been forcibly unregistered.
05-Aug-2016 23:23:41.282 WARNING [localhost-startStop-2] org.apache.catalina.loader.WebappClassLoaderBase.clearReferencesThreads The web application [ROOT] appears to have started a thread named [Abandoned connection cleanup thread] but has failed to stop it. This is very likely to create a memory leak. Stack trace of thread:
 java.lang.Object.wait(Native Method)
 java.lang.ref.ReferenceQueue.remove(ReferenceQueue.java:143)
 com.mysql.jdbc.AbandonedConnectionCleanupThread.run(AbandonedConnectionCleanupThread.java:43)
05-Aug-2016 23:23:41.440 INFO [main] org.apache.coyote.AbstractProtocol.stop Stopping ProtocolHandler ["http-nio-8080"]
05-Aug-2016 23:23:41.459 INFO [main] org.apache.coyote.AbstractProtocol.stop Stopping ProtocolHandler ["ajp-nio-8009"]
05-Aug-2016 23:23:41.461 INFO [main] org.apache.coyote.AbstractProtocol.destroy Destroying ProtocolHandler ["http-nio-8080"]
05-Aug-2016 23:23:41.462 INFO [main] org.apache.coyote.AbstractProtocol.destroy Destroying ProtocolHandler ["ajp-nio-8009"]
Disconnected from server
