2016-07-21 22:41:01 INFO  LOG TAG:15 - Start application.
2016-07-21 22:41:01 WARN  LOG TAG:18 - warn
2016-07-21 22:41:01 ERROR LOG TAG:19 - error
2016-07-21 22:41:03 INFO  LOG TAG:21 - Exiting application.
2016-07-21 22:41:12 INFO  LOG TAG:15 - Start application.
2016-07-21 22:41:12 WARN  LOG TAG:18 - warn
2016-07-21 22:41:12 ERROR LOG TAG:19 - error
2016-07-21 22:41:15 INFO  LOG TAG:21 - Exiting application.
2016-07-21 22:50:30 INFO  Main:15 - Start application.
2016-07-21 22:50:30 WARN  Main:18 - warn
2016-07-21 22:50:30 ERROR Main:19 - error
2016-07-21 22:50:32 INFO  Main:21 - Exiting application.
2016-07-21 22:51:18 INFO  Main:15 - Start application.
2016-07-21 22:51:19 WARN  Main:18 - warn
2016-07-21 22:51:19 ERROR Main:19 - error
2016-07-21 22:51:19 INFO  Connector:56 - jdbc:mysql://localhost:3306/bank_system?user=admin&password=admin&useUnicode=true&useJDBCCompliantTimezoneShift=true&useLegacyDatetimeCode=false&serverTimezone=UTC
2016-07-21 22:51:20 INFO  Main:21 - Exiting application.
2016-07-22 23:25:45 INFO  Connector:59 - jdbc:mysql://localhost:3306/bank_system?user=admin&password=admin&useUnicode=true&useJDBCCompliantTimezoneShift=true&useLegacyDatetimeCode=false&serverTimezone=UTC
2016-07-22 23:25:47 WARN  Main:17 - warn
2016-07-22 23:25:47 ERROR Main:18 - error
2016-07-22 23:25:47 INFO  Main:20 - Exiting application.
2016-07-22 23:26:21 INFO  Main:15 - Start application.
2016-07-22 23:26:21 INFO  Connector:59 - jdbc:mysql://localhost:3306/bank_system?user=admin&password=admin&useUnicode=true&useJDBCCompliantTimezoneShift=true&useLegacyDatetimeCode=false&serverTimezone=UTC
2016-07-22 23:26:23 WARN  Main:18 - warn
2016-07-22 23:26:23 ERROR Main:19 - error
2016-07-22 23:26:23 INFO  Main:21 - Exiting application.
2016-07-22 23:29:04 INFO  Connector:59 - jdbc:mysql://localhost:3306/bank_system?user=admin&password=admin&useUnicode=true&useJDBCCompliantTimezoneShift=true&useLegacyDatetimeCode=false&serverTimezone=UTC
2016-07-23 12:09:03 INFO  DBService:59 - jdbc:mysql://localhost:3306/bank_system?user=admin&password=admin&useUnicode=true&useJDBCCompliantTimezoneShift=true&useLegacyDatetimeCode=false&serverTimezone=UTC
2016-07-23 12:09:27 INFO  DBService:59 - jdbc:mysql://localhost:3306/bank_system?user=admin&password=admin&useUnicode=true&useJDBCCompliantTimezoneShift=true&useLegacyDatetimeCode=false&serverTimezone=UTC
2016-07-23 12:09:56 INFO  DBService:59 - jdbc:mysql://localhost:3306/bank_system?user=admin&password=admin&useUnicode=true&useJDBCCompliantTimezoneShift=true&useLegacyDatetimeCode=false&serverTimezone=UTC
2016-07-23 12:12:55 INFO  DBService:59 - jdbc:mysql://localhost:3306/bank_system?user=admin&password=admin&useUnicode=true&useJDBCCompliantTimezoneShift=true&useLegacyDatetimeCode=false&serverTimezone=UTC
2016-07-23 12:16:02 INFO  DBService:59 - jdbc:mysql://localhost:3306/bank_system?user=admin&password=admin&useUnicode=true&useJDBCCompliantTimezoneShift=true&useLegacyDatetimeCode=false&serverTimezone=UTC
2016-07-23 12:16:31 INFO  DBService:59 - jdbc:mysql://localhost:3306/bank_system?user=admin&password=admin&useUnicode=true&useJDBCCompliantTimezoneShift=true&useLegacyDatetimeCode=false&serverTimezone=UTC
